2019-06-06 10:17:15 [main] INFO  wul.RedisTest - Starting RedisTest on DESKTOP-E98E86U with PID 20764 (started by Lang in C:\IdeaProjects\Spring190603\SpringBoot)
2019-06-06 10:17:15 [main] INFO  wul.RedisTest - No active profile set, falling back to default profiles: default
2019-06-06 10:17:23 [main] INFO  org.hibernate.jpa.internal.util.LogHelper - HHH000204: Processing PersistenceUnitInfo [
	name: default
	...]
2019-06-06 10:17:23 [main] INFO  org.hibernate.Version - HHH000412: Hibernate Core {5.2.17.Final}
2019-06-06 10:17:23 [main] INFO  org.hibernate.cfg.Environment - HHH000206: hibernate.properties not found
2019-06-06 10:17:23 [main] INFO  org.hibernate.annotations.common.Version - HCANN000001: Hibernate Commons Annotations {5.0.1.Final}
2019-06-06 10:17:24 [main] INFO  com.alibaba.druid.pool.DruidDataSource - {dataSource-1} inited
2019-06-06 10:17:24 [main] INFO  org.hibernate.dialect.Dialect - HHH000400: Using dialect: org.hibernate.dialect.MySQL5Dialect
2019-06-06 10:17:28 [main] WARN  org.thymeleaf.templatemode.TemplateMode - [THYMELEAF][main] Template Mode 'HTML5' is deprecated. Using Template Mode 'HTML' instead.
2019-06-06 10:17:29 [main] INFO  wul.RedisTest - Started RedisTest in 17.825 seconds (JVM running for 23.784)
2019-06-06 10:17:30 [Thread-3] INFO  com.alibaba.druid.pool.DruidDataSource - {dataSource-1} closed
2019-06-06 10:20:04 [main] INFO  wul.RedisTest - Starting RedisTest on DESKTOP-E98E86U with PID 20536 (started by Lang in C:\IdeaProjects\Spring190603\SpringBoot)
2019-06-06 10:20:04 [main] INFO  wul.RedisTest - No active profile set, falling back to default profiles: default
2019-06-06 10:20:08 [main] INFO  org.hibernate.jpa.internal.util.LogHelper - HHH000204: Processing PersistenceUnitInfo [
	name: default
	...]
2019-06-06 10:20:08 [main] INFO  org.hibernate.Version - HHH000412: Hibernate Core {5.2.17.Final}
2019-06-06 10:20:08 [main] INFO  org.hibernate.cfg.Environment - HHH000206: hibernate.properties not found
2019-06-06 10:20:09 [main] INFO  org.hibernate.annotations.common.Version - HCANN000001: Hibernate Commons Annotations {5.0.1.Final}
2019-06-06 10:20:09 [main] INFO  com.alibaba.druid.pool.DruidDataSource - {dataSource-1} inited
2019-06-06 10:20:09 [main] INFO  org.hibernate.dialect.Dialect - HHH000400: Using dialect: org.hibernate.dialect.MySQL5Dialect
2019-06-06 10:20:11 [main] WARN  org.thymeleaf.templatemode.TemplateMode - [THYMELEAF][main] Template Mode 'HTML5' is deprecated. Using Template Mode 'HTML' instead.
2019-06-06 10:20:12 [main] INFO  wul.RedisTest - Started RedisTest in 9.559 seconds (JVM running for 10.665)
2019-06-06 10:20:12 [Thread-3] INFO  com.alibaba.druid.pool.DruidDataSource - {dataSource-1} closed
